2021-05-25 16:27:20.528 INFO  (main) [   ] o.e.j.u.log Logging initialized @1268ms to org.eclipse.jetty.util.log.Slf4jLog
2021-05-25 16:27:20.722 INFO  (main) [   ] o.e.j.s.Server jetty-9.4.34.v20201102; built: 2020-11-02T14:15:39.302Z; git: e46af88704a893fc12cb0e3bf46e2c7b48a009e7; jvm 1.8.0_291-b10
2021-05-25 16:27:20.747 INFO  (main) [   ] o.e.j.d.p.ScanningAppProvider Deployment monitor [file:///C:/solr-8.8.2/server/contexts/] at interval 0
2021-05-25 16:27:21.179 INFO  (main) [   ] o.e.j.w.StandardDescriptorProcessor NO JSP Support for /solr, did not find org.apache.jasper.servlet.JspServlet
2021-05-25 16:27:21.187 INFO  (main) [   ] o.e.j.s.session DefaultSessionIdManager workerName=node0
2021-05-25 16:27:21.187 INFO  (main) [   ] o.e.j.s.session No SessionScavenger set, using defaults
2021-05-25 16:27:21.190 INFO  (main) [   ] o.e.j.s.session node0 Scavenging every 660000ms
2021-05-25 16:27:21.252 INFO  (main) [   ] o.a.s.s.SolrDispatchFilter Using logger factory org.apache.logging.slf4j.Log4jLoggerFactory
2021-05-25 16:27:21.259 INFO  (main) [   ] o.a.s.s.SolrDispatchFilter  ___      _       Welcome to Apache Solr™ version 8.8.2
2021-05-25 16:27:21.259 INFO  (main) [   ] o.a.s.s.SolrDispatchFilter / __| ___| |_ _   Starting in standalone mode on port 8983
2021-05-25 16:27:21.259 INFO  (main) [   ] o.a.s.s.SolrDispatchFilter \__ \/ _ \ | '_|  Install dir: C:\solr-8.8.2
2021-05-25 16:27:21.260 INFO  (main) [   ] o.a.s.s.SolrDispatchFilter |___/\___/_|_|    Start time: 2021-05-25T16:27:21.260Z
2021-05-25 16:27:21.269 INFO  (main) [   ] o.a.s.c.SolrPaths Using system property solr.solr.home: C:\solr-8.8.2\server\solr
2021-05-25 16:27:21.270 INFO  (main) [   ] o.a.s.c.SolrXmlConfig Loading container configuration from C:\solr-8.8.2\server\solr\solr.xml
2021-05-25 16:27:21.380 INFO  (main) [   ] o.a.s.c.SolrXmlConfig MBean server found: com.sun.jmx.mbeanserver.JmxMBeanServer@1a04f701, but no JMX reporters were configured - adding default JMX reporter.
2021-05-25 16:27:21.801 INFO  (main) [   ] o.a.s.h.c.HttpShardHandlerFactory Host whitelist initialized: WhitelistHostChecker [whitelistHosts=null, whitelistHostCheckingEnabled=true]
2021-05-25 16:27:22.144 WARN  (main) [   ] o.e.j.u.s.S.config Trusting all certificates configured for Client@7a138fc5[provider=null,keyStore=null,trustStore=null]
2021-05-25 16:27:22.144 WARN  (main) [   ] o.e.j.u.s.S.config No Client EndPointIdentificationAlgorithm configured for Client@7a138fc5[provider=null,keyStore=null,trustStore=null]
2021-05-25 16:27:22.236 WARN  (main) [   ] o.e.j.u.s.S.config Trusting all certificates configured for Client@2c444798[provider=null,keyStore=null,trustStore=null]
2021-05-25 16:27:22.236 WARN  (main) [   ] o.e.j.u.s.S.config No Client EndPointIdentificationAlgorithm configured for Client@2c444798[provider=null,keyStore=null,trustStore=null]
2021-05-25 16:27:22.304 WARN  (main) [   ] o.a.s.c.CoreContainer Not all security plugins configured!  authentication=disabled authorization=disabled.  Solr is only as secure as you make it. Consider configuring authentication/authorization before exposing Solr to users internal or external.  See https://s.apache.org/solrsecurity for more info
2021-05-25 16:27:22.440 INFO  (main) [   ] o.a.s.c.TransientSolrCoreCacheDefault Allocating transient cache for 2147483647 transient cores
2021-05-25 16:27:22.442 INFO  (main) [   ] o.a.s.h.a.MetricsHistoryHandler No .system collection, keeping metrics history in memory.
2021-05-25 16:27:22.500 INFO  (main) [   ] o.a.s.m.r.SolrJmxReporter JMX monitoring for 'solr.node' (registry 'solr.node') enabled at server: com.sun.jmx.mbeanserver.JmxMBeanServer@1a04f701
2021-05-25 16:27:22.501 INFO  (main) [   ] o.a.s.m.r.SolrJmxReporter JMX monitoring for 'solr.jvm' (registry 'solr.jvm') enabled at server: com.sun.jmx.mbeanserver.JmxMBeanServer@1a04f701
2021-05-25 16:27:22.504 INFO  (main) [   ] o.a.s.m.r.SolrJmxReporter JMX monitoring for 'solr.jetty' (registry 'solr.jetty') enabled at server: com.sun.jmx.mbeanserver.JmxMBeanServer@1a04f701
2021-05-25 16:27:22.542 INFO  (main) [   ] o.a.s.c.CorePropertiesLocator Found 1 core definitions underneath C:\solr-8.8.2\server\solr
2021-05-25 16:27:22.542 INFO  (main) [   ] o.a.s.c.CorePropertiesLocator Cores are: [coresv]
2021-05-25 16:27:22.570 INFO  (coreLoadExecutor-13-thread-1) [   x:coresv] o.a.s.c.SolrConfig Using Lucene MatchVersion: 8.8.2
2021-05-25 16:27:22.714 INFO  (coreLoadExecutor-13-thread-1) [   x:coresv] o.a.s.s.IndexSchema Schema name=default-config
2021-05-25 16:27:22.991 INFO  (main) [   ] o.e.j.s.h.ContextHandler Started o.e.j.w.WebAppContext@60bd273d{/solr,file:///C:/solr-8.8.2/server/solr-webapp/webapp/,AVAILABLE}{C:\solr-8.8.2\server/solr-webapp/webapp}
2021-05-25 16:27:23.001 INFO  (main) [   ] o.e.j.s.AbstractConnector Started ServerConnector@5f683daf{HTTP/1.1, (http/1.1, h2c)}{0.0.0.0:8983}
2021-05-25 16:27:23.001 INFO  (main) [   ] o.e.j.s.Server Started @3743ms
2021-05-25 16:27:23.008 WARN  (coreLoadExecutor-13-thread-1) [   x:coresv] o.a.s.s.AbstractSpatialPrefixTreeFieldType FieldType SpatialRecursivePrefixTreeFieldType does not allow omitNorms to be specified in schema, hardcoded behavior is omitNorms=true
2021-05-25 16:27:23.009 WARN  (coreLoadExecutor-13-thread-1) [   x:coresv] o.a.s.s.AbstractSpatialPrefixTreeFieldType FieldType SpatialRecursivePrefixTreeFieldType does not allow omitTermFreqAndPositions to be specified in schema, hardcoded behavior is omitTermFreqAndPositions=true
2021-05-25 16:27:23.009 WARN  (coreLoadExecutor-13-thread-1) [   x:coresv] o.a.s.s.AbstractSpatialPrefixTreeFieldType FieldType SpatialRecursivePrefixTreeFieldType does not allow termOffsets to be specified in schema, hardcoded behavior is termOffsets=false
2021-05-25 16:27:23.009 WARN  (coreLoadExecutor-13-thread-1) [   x:coresv] o.a.s.s.AbstractSpatialPrefixTreeFieldType FieldType SpatialRecursivePrefixTreeFieldType does not allow termPositions to be specified in schema, hardcoded behavior is termPositions=false
2021-05-25 16:27:23.009 WARN  (coreLoadExecutor-13-thread-1) [   x:coresv] o.a.s.s.AbstractSpatialPrefixTreeFieldType FieldType SpatialRecursivePrefixTreeFieldType does not allow omitPositions to be specified in schema, hardcoded behavior is omitPositions=true
2021-05-25 16:27:23.154 INFO  (coreLoadExecutor-13-thread-1) [   x:coresv] o.a.s.s.IndexSchema Loaded schema default-config/1.6 with uniqueid field id
2021-05-25 16:27:23.298 INFO  (coreLoadExecutor-13-thread-1) [   x:coresv] o.a.s.c.CoreContainer Creating SolrCore 'coresv' using configuration from instancedir C:\solr-8.8.2\server\solr\coresv, trusted=true
2021-05-25 16:27:23.345 INFO  (coreLoadExecutor-13-thread-1) [   x:coresv] o.a.s.m.r.SolrJmxReporter JMX monitoring for 'solr.core.coresv' (registry 'solr.core.coresv') enabled at server: com.sun.jmx.mbeanserver.JmxMBeanServer@1a04f701
2021-05-25 16:27:23.362 INFO  (coreLoadExecutor-13-thread-1) [   x:coresv] o.a.s.c.SolrCore [[coresv] ] Opening new SolrCore at [C:\solr-8.8.2\server\solr\coresv], dataDir=[C:\solr-8.8.2\server\solr\coresv\data\]
2021-05-25 16:27:23.563 INFO  (qtp952562199-23) [   ] o.a.s.s.HttpSolrCall [admin] webapp=null path=/admin/info/system params={wt=json} status=0 QTime=29
2021-05-25 16:27:23.880 INFO  (coreLoadExecutor-13-thread-1) [   x:coresv] o.a.s.u.UpdateHandler Using UpdateLog implementation: org.apache.solr.update.UpdateLog
2021-05-25 16:27:23.880 INFO  (coreLoadExecutor-13-thread-1) [   x:coresv] o.a.s.u.UpdateLog Initializing UpdateLog: dataDir= defaultSyncLevel=FLUSH numRecordsToKeep=100 maxNumLogsToKeep=10 numVersionBuckets=65536
2021-05-25 16:27:23.898 INFO  (coreLoadExecutor-13-thread-1) [   x:coresv] o.a.s.u.CommitTracker Hard AutoCommit: if uncommitted for 15000ms; 
2021-05-25 16:27:23.898 INFO  (coreLoadExecutor-13-thread-1) [   x:coresv] o.a.s.u.CommitTracker Soft AutoCommit: disabled
2021-05-25 16:27:24.106 INFO  (coreLoadExecutor-13-thread-1) [   x:coresv] o.a.s.r.ManagedResourceStorage File-based storage initialized to use dir: C:\solr-8.8.2\server\solr\coresv\conf
2021-05-25 16:27:24.117 INFO  (coreLoadExecutor-13-thread-1) [   x:coresv] o.a.s.h.c.SpellCheckComponent Initializing spell checkers
2021-05-25 16:27:24.122 INFO  (coreLoadExecutor-13-thread-1) [   x:coresv] o.a.s.s.DirectSolrSpellChecker init: {name=default,field=cityName,classname=solr.DirectSolrSpellChecker,distanceMeasure=internal,accuracy=0.5,maxEdits=2,minPrefix=1,maxInspections=5,minQueryLength=4,maxQueryFrequency=0.01}
2021-05-25 16:27:24.129 INFO  (coreLoadExecutor-13-thread-1) [   x:coresv] o.a.s.h.ReplicationHandler Commits will be reserved for 10000 ms
2021-05-25 16:27:24.143 INFO  (searcherExecutor-15-thread-1-processing-x:coresv) [   x:coresv] o.a.s.c.QuerySenderListener QuerySenderListener done.
2021-05-25 16:27:24.143 INFO  (searcherExecutor-15-thread-1-processing-x:coresv) [   x:coresv] o.a.s.h.c.SpellCheckComponent Loading spell index for spellchecker: default
2021-05-25 16:27:24.149 INFO  (searcherExecutor-15-thread-1-processing-x:coresv) [   x:coresv] o.a.s.c.SolrCore [coresv]  Registered new searcher autowarm time: 0 ms
2021-05-25 16:27:32.913 INFO  (qtp952562199-24) [   ] o.a.s.s.HttpSolrCall [admin] webapp=null path=/admin/cores params={indexInfo=false&wt=json&_=1621960052819} status=0 QTime=0
2021-05-25 16:27:32.931 INFO  (qtp952562199-22) [   ] o.a.s.s.HttpSolrCall [admin] webapp=null path=/admin/info/system params={wt=json&_=1621960052819} status=0 QTime=18
2021-05-25 16:27:45.827 INFO  (qtp952562199-22) [   ] o.a.s.s.HttpSolrCall [admin] webapp=null path=/admin/cores params={indexInfo=false&wt=json&_=1621960052819} status=0 QTime=0
2021-05-25 16:27:45.835 INFO  (qtp952562199-25) [   x:coresv] o.a.s.c.S.Request [coresv]  webapp=/solr path=/admin/ping params={action=status&wt=json&_=1621960052819&ts=1621960052819} status=503 QTime=1
2021-05-25 16:27:45.838 INFO  (qtp952562199-23) [   x:coresv] o.a.s.c.S.Request [coresv]  webapp=/solr path=/replication params={wt=json&command=details&_=1621960065817} status=0 QTime=10
2021-05-25 16:27:45.844 INFO  (qtp952562199-17) [   x:coresv] o.a.s.c.S.Request [coresv]  webapp=/solr path=/admin/luke params={numTerms=0&show=index&wt=json&_=1621960065817} status=0 QTime=17
2021-05-25 16:27:45.895 INFO  (qtp952562199-24) [   ] o.a.s.s.HttpSolrCall [admin] webapp=null path=/admin/info/system params={wt=json&_=1621960052819} status=0 QTime=67
2021-05-25 16:27:45.895 INFO  (qtp952562199-16) [   x:coresv] o.a.s.c.S.Request [coresv]  webapp=/solr path=/admin/system params={wt=json&_=1621960065817} status=0 QTime=64
2021-05-25 16:27:48.500 INFO  (qtp952562199-22) [   ] o.a.s.s.HttpSolrCall [admin] webapp=null path=/admin/cores params={indexInfo=false&wt=json&_=1621960052819} status=0 QTime=0
2021-05-25 16:27:48.524 INFO  (qtp952562199-24) [   ] o.a.s.s.HttpSolrCall [admin] webapp=null path=/admin/info/system params={wt=json&_=1621960052819} status=0 QTime=23
2021-05-25 16:27:49.917 INFO  (qtp952562199-16) [   x:coresv] o.a.s.c.S.Request [coresv]  webapp=/solr path=/select params={q=*:*&_=1621960052895} hits=13630 status=0 QTime=65
2021-05-25 16:28:04.642 INFO  (qtp952562199-24) [   x:coresv] o.a.s.c.PluginBag Going to create a new requestHandler with {type = requestHandler,name = /spell,class = solr.SearchHandler,attributes = {startup=lazy, name=/spell, class=solr.SearchHandler},args = {defaults={spellcheck.dictionary=default,spellcheck=on,spellcheck.extendedResults=true,spellcheck.count=10,spellcheck.alternativeTermCount=5,spellcheck.maxResultsForSuggest=5,spellcheck.collate=true,spellcheck.collateExtendedResults=true,spellcheck.maxCollationTries=10,spellcheck.maxCollations=5,df=_text_},last-components=[spellcheck]}} 
2021-05-25 16:28:04.644 INFO  (qtp952562199-24) [   x:coresv] o.a.s.c.S.Request [coresv]  webapp=/solr path=/spell params={q=*:*&spellcheck=on&spellcheck.onlyMorePopular=true&spellcheck.reload=true&spellcheck.build=true&_=1621960052895&spellcheck.collate=true&spellcheck.extendedResults=true} hits=13630 status=0 QTime=2
2021-05-25 16:28:17.703 INFO  (qtp952562199-16) [   x:coresv] o.a.s.c.S.Request [coresv]  webapp=/solr path=/spell params={q=cityName:bengalore&spellcheck=on&spellcheck.onlyMorePopular=true&spellcheck.reload=true&spellcheck.build=true&_=1621960052895&spellcheck.collate=true&spellcheck.extendedResults=true} hits=0 status=0 QTime=72
2021-05-25 16:30:44.336 INFO  (qtp952562199-21) [   x:coresv] o.a.s.c.S.Request [coresv]  webapp=/solr path=/spell params={q=cityName:shankarpure&spellcheck=on&spellcheck.onlyMorePopular=true&spellcheck.reload=true&spellcheck.build=true&_=1621960052895&spellcheck.collate=true&spellcheck.extendedResults=true} hits=0 status=0 QTime=11
